<?xml version="1.0" encoding="UTF-8"?>
<testsuite xmlns:xsi="http://www.w3.org/2001/XMLSchema-instance" xsi:noNamespaceSchemaLocation="https://maven.apache.org/surefire/maven-surefire-plugin/xsd/surefire-test-report-3.0.xsd" version="3.0" name="example.ExampleControllerTest" time="1.027" tests="3" errors="0" skipped="0" failures="0">
  <properties>
[...]
</properties>
  <testcase name="shouldTellIfPersonIsUnknown" classname="example.ExampleControllerTest" time="0.987"/>
  <testcase name="shouldReturnFullNameOfAPerson" classname="example.ExampleControllerTest" time="0.004"/>
  <testcase name="shouldReturnHelloWorld" classname="example.ExampleControllerTest" time="0.002"/>
</testsuite>